<?xml version="1.0" encoding="UTF-8"?>
<coverage generated="1757017565844" clover="3.2.0">
  <project timestamp="1757017565845" name="All files">
    <metrics statements="86" coveredstatements="83" conditionals="30" coveredconditionals="23" methods="37" coveredmethods="36" elements="153" coveredelements="142" complexity="0" loc="86" ncloc="86" packages="4" files="7" classes="7"/>
    <package name="clients">
      <metrics statements="22" coveredstatements="22" conditionals="0" coveredconditionals="0" methods="24" coveredmethods="24"/>
      <file name="postClients.js" path="C:\Users\91994\OneDrive\Documents\automation-api\src\clients\postClients.js">
        <metrics statements="11" coveredstatements="11" conditionals="0" coveredconditionals="0" methods="12" coveredmethods="12"/>
        <line num="1" count="1" type="stmt"/>
        <line num="2" count="1" type="stmt"/>
        <line num="3" count="1" type="stmt"/>
        <line num="5" count="1" type="stmt"/>
        <line num="7" count="1" type="stmt"/>
        <line num="8" count="11" type="stmt"/>
        <line num="9" count="4" type="stmt"/>
        <line num="10" count="1" type="stmt"/>
        <line num="11" count="1" type="stmt"/>
        <line num="12" count="4" type="stmt"/>
        <line num="14" count="1" type="stmt"/>
      </file>
      <file name="userClients.js" path="C:\Users\91994\OneDrive\Documents\automation-api\src\clients\userClients.js">
        <metrics statements="11" coveredstatements="11" conditionals="0" coveredconditionals="0" methods="12" coveredmethods="12"/>
        <line num="1" count="1" type="stmt"/>
        <line num="2" count="1" type="stmt"/>
        <line num="3" count="1" type="stmt"/>
        <line num="5" count="1" type="stmt"/>
        <line num="7" count="1" type="stmt"/>
        <line num="8" count="11" type="stmt"/>
        <line num="9" count="4" type="stmt"/>
        <line num="10" count="1" type="stmt"/>
        <line num="11" count="1" type="stmt"/>
        <line num="12" count="4" type="stmt"/>
        <line num="14" count="1" type="stmt"/>
      </file>
    </package>
    <package name="common">
      <metrics statements="26" coveredstatements="25" conditionals="14" coveredconditionals="12" methods="4" coveredmethods="4"/>
      <file name="testHelpers.js" path="C:\Users\91994\OneDrive\Documents\automation-api\src\common\testHelpers.js">
        <metrics statements="26" coveredstatements="25" conditionals="14" coveredconditionals="12" methods="4" coveredmethods="4"/>
        <line num="1" count="2" type="stmt"/>
        <line num="2" count="2" type="stmt"/>
        <line num="5" count="2" type="stmt"/>
        <line num="6" count="28" type="stmt"/>
        <line num="7" count="28" type="stmt"/>
        <line num="8" count="28" type="stmt"/>
        <line num="12" count="2" type="cond" truecount="1" falsecount="0"/>
        <line num="13" count="28" type="stmt"/>
        <line num="17" count="2" type="stmt"/>
        <line num="18" count="32" type="stmt"/>
        <line num="19" count="32" type="stmt"/>
        <line num="20" count="32" type="stmt"/>
        <line num="21" count="28" type="stmt"/>
        <line num="23" count="28" type="stmt"/>
        <line num="24" count="28" type="stmt"/>
        <line num="26" count="28" type="cond" truecount="7" falsecount="0"/>
        <line num="27" count="18" type="cond" truecount="2" falsecount="0"/>
        <line num="28" count="110" type="stmt"/>
        <line num="30" count="16" type="stmt"/>
        <line num="34" count="28" type="stmt"/>
        <line num="36" count="4" type="cond" truecount="1" falsecount="1"/>
        <line num="37" count="4" type="cond" truecount="1" falsecount="1"/>
        <line num="38" count="4" type="stmt"/>
        <line num="43" count="0" type="stmt"/>
        <line num="46" count="4" type="stmt"/>
        <line num="50" count="2" type="stmt"/>
      </file>
    </package>
    <package name="config">
      <metrics statements="1" coveredstatements="1" conditionals="0" coveredconditionals="0" methods="0" coveredmethods="0"/>
      <file name="config.js" path="C:\Users\91994\OneDrive\Documents\automation-api\src\config\config.js">
        <metrics statements="1" coveredstatements="1" conditionals="0" coveredconditionals="0" methods="0" coveredmethods="0"/>
        <line num="1" count="2" type="stmt"/>
      </file>
    </package>
    <package name="utils">
      <metrics statements="37" coveredstatements="35" conditionals="16" coveredconditionals="11" methods="9" coveredmethods="8"/>
      <file name="logger.js" path="C:\Users\91994\OneDrive\Documents\automation-api\src\utils\logger.js">
        <metrics statements="4" coveredstatements="4" conditionals="0" coveredconditionals="0" methods="3" coveredmethods="3"/>
        <line num="1" count="2" type="stmt"/>
        <line num="2" count="2" type="stmt"/>
        <line num="3" count="16" type="stmt"/>
        <line num="4" count="4" type="stmt"/>
      </file>
      <file name="retry.js" path="C:\Users\91994\OneDrive\Documents\automation-api\src\utils\retry.js">
        <metrics statements="21" coveredstatements="21" conditionals="14" coveredconditionals="10" methods="4" coveredmethods="4"/>
        <line num="1" count="2" type="stmt"/>
        <line num="2" count="2" type="stmt"/>
        <line num="5" count="34" type="stmt"/>
        <line num="6" count="34" type="stmt"/>
        <line num="7" count="50" type="stmt"/>
        <line num="8" count="50" type="stmt"/>
        <line num="9" count="30" type="cond" truecount="4" falsecount="0"/>
        <line num="10" count="30" type="stmt"/>
        <line num="12" count="20" type="stmt"/>
        <line num="13" count="20" type="cond" truecount="2" falsecount="0"/>
        <line num="14" count="4" type="cond" truecount="1" falsecount="1"/>
        <line num="15" count="4" type="stmt"/>
        <line num="17" count="16" type="cond" truecount="1" falsecount="1"/>
        <line num="18" count="16" type="stmt"/>
        <line num="25" count="2" type="stmt"/>
        <line num="26" count="2" type="stmt"/>
        <line num="27" count="6" type="stmt"/>
        <line num="28" count="6" type="cond" truecount="2" falsecount="0"/>
        <line num="29" count="4" type="stmt"/>
        <line num="31" count="2" type="stmt"/>
        <line num="35" count="2" type="stmt"/>
      </file>
      <file name="schemaValidator.js" path="C:\Users\91994\OneDrive\Documents\automation-api\src\utils\schemaValidator.js">
        <metrics statements="12" coveredstatements="10" conditionals="2" coveredconditionals="1" methods="2" coveredmethods="1"/>
        <line num="1" count="2" type="stmt"/>
        <line num="2" count="2" type="stmt"/>
        <line num="4" count="2" type="stmt"/>
        <line num="5" count="2" type="stmt"/>
        <line num="8" count="2" type="stmt"/>
        <line num="49" count="2" type="stmt"/>
        <line num="62" count="126" type="stmt"/>
        <line num="63" count="126" type="stmt"/>
        <line num="64" count="126" type="cond" truecount="1" falsecount="1"/>
        <line num="65" count="0" type="stmt"/>
        <line num="66" count="0" type="stmt"/>
        <line num="70" count="2" type="stmt"/>
      </file>
    </package>
  </project>
</coverage>
