{"C:\\Users\\91994\\OneDrive\\Documents\\automation-api\\src\\clients\\postClients.js": {"path":"C:\\Users\\91994\\OneDrive\\Documents\\automation-api\\src\\clients\\postClients.js","statementMap":{"0":{"start":{"line":1,"column":14},"end":{"line":1,"column":30}},"1":{"start":{"line":2,"column":20},"end":{"line":2,"column":47}},"2":{"start":{"line":3,"column":22},"end":{"line":3,"column":47}},"3":{"start":{"line":5,"column":15},"end":{"line":5,"column":40}},"4":{"start":{"line":7,"column":17},"end":{"line":7,"column":74}},"5":{"start":{"line":7,"column":23},"end":{"line":7,"column":74}},"6":{"start":{"line":7,"column":39},"end":{"line":7,"column":59}},"7":{"start":{"line":8,"column":16},"end":{"line":8,"column":87}},"8":{"start":{"line":8,"column":24},"end":{"line":8,"column":87}},"9":{"start":{"line":8,"column":40},"end":{"line":8,"column":66}},"10":{"start":{"line":9,"column":19},"end":{"line":9,"column":88}},"11":{"start":{"line":9,"column":29},"end":{"line":9,"column":88}},"12":{"start":{"line":9,"column":45},"end":{"line":9,"column":72}},"13":{"start":{"line":10,"column":19},"end":{"line":10,"column":102}},"14":{"start":{"line":10,"column":33},"end":{"line":10,"column":102}},"15":{"start":{"line":10,"column":49},"end":{"line":10,"column":81}},"16":{"start":{"line":11,"column":18},"end":{"line":11,"column":105}},"17":{"start":{"line":11,"column":32},"end":{"line":11,"column":105}},"18":{"start":{"line":11,"column":48},"end":{"line":11,"column":82}},"19":{"start":{"line":12,"column":19},"end":{"line":12,"column":96}},"20":{"start":{"line":12,"column":27},"end":{"line":12,"column":96}},"21":{"start":{"line":12,"column":43},"end":{"line":12,"column":72}},"22":{"start":{"line":14,"column":0},"end":{"line":14,"column":86}}},"fnMap":{"0":{"name":"(anonymous_0)","decl":{"start":{"line":7,"column":17},"end":{"line":7,"column":18}},"loc":{"start":{"line":7,"column":23},"end":{"line":7,"column":74}},"line":7},"1":{"name":"(anonymous_1)","decl":{"start":{"line":7,"column":33},"end":{"line":7,"column":34}},"loc":{"start":{"line":7,"column":39},"end":{"line":7,"column":59}},"line":7},"2":{"name":"(anonymous_2)","decl":{"start":{"line":8,"column":16},"end":{"line":8,"column":17}},"loc":{"start":{"line":8,"column":24},"end":{"line":8,"column":87}},"line":8},"3":{"name":"(anonymous_3)","decl":{"start":{"line":8,"column":34},"end":{"line":8,"column":35}},"loc":{"start":{"line":8,"column":40},"end":{"line":8,"column":66}},"line":8},"4":{"name":"(anonymous_4)","decl":{"start":{"line":9,"column":19},"end":{"line":9,"column":20}},"loc":{"start":{"line":9,"column":29},"end":{"line":9,"column":88}},"line":9},"5":{"name":"(anonymous_5)","decl":{"start":{"line":9,"column":39},"end":{"line":9,"column":40}},"loc":{"start":{"line":9,"column":45},"end":{"line":9,"column":72}},"line":9},"6":{"name":"(anonymous_6)","decl":{"start":{"line":10,"column":19},"end":{"line":10,"column":20}},"loc":{"start":{"line":10,"column":33},"end":{"line":10,"column":102}},"line":10},"7":{"name":"(anonymous_7)","decl":{"start":{"line":10,"column":43},"end":{"line":10,"column":44}},"loc":{"start":{"line":10,"column":49},"end":{"line":10,"column":81}},"line":10},"8":{"name":"(anonymous_8)","decl":{"start":{"line":11,"column":18},"end":{"line":11,"column":19}},"loc":{"start":{"line":11,"column":32},"end":{"line":11,"column":105}},"line":11},"9":{"name":"(anonymous_9)","decl":{"start":{"line":11,"column":42},"end":{"line":11,"column":43}},"loc":{"start":{"line":11,"column":48},"end":{"line":11,"column":82}},"line":11},"10":{"name":"(anonymous_10)","decl":{"start":{"line":12,"column":19},"end":{"line":12,"column":20}},"loc":{"start":{"line":12,"column":27},"end":{"line":12,"column":96}},"line":12},"11":{"name":"(anonymous_11)","decl":{"start":{"line":12,"column":37},"end":{"line":12,"column":38}},"loc":{"start":{"line":12,"column":43},"end":{"line":12,"column":72}},"line":12}},"branchMap":{},"s":{"0":1,"1":1,"2":1,"3":1,"4":1,"5":1,"6":1,"7":1,"8":5,"9":11,"10":1,"11":4,"12":4,"13":1,"14":1,"15":1,"16":1,"17":1,"18":1,"19":1,"20":4,"21":4,"22":1},"f":{"0":1,"1":1,"2":5,"3":11,"4":4,"5":4,"6":1,"7":1,"8":1,"9":1,"10":4,"11":4},"b":{},"_coverageSchema":"1a1c01bbd47fc00a2c39e90264f33305004495a9","hash":"14388ebf850281e0ec59cb45667df48746871039"}
,"C:\\Users\\91994\\OneDrive\\Documents\\automation-api\\src\\clients\\userClients.js": {"path":"C:\\Users\\91994\\OneDrive\\Documents\\automation-api\\src\\clients\\userClients.js","statementMap":{"0":{"start":{"line":1,"column":14},"end":{"line":1,"column":30}},"1":{"start":{"line":2,"column":20},"end":{"line":2,"column":47}},"2":{"start":{"line":3,"column":22},"end":{"line":3,"column":47}},"3":{"start":{"line":5,"column":15},"end":{"line":5,"column":40}},"4":{"start":{"line":7,"column":17},"end":{"line":7,"column":74}},"5":{"start":{"line":7,"column":23},"end":{"line":7,"column":74}},"6":{"start":{"line":7,"column":39},"end":{"line":7,"column":59}},"7":{"start":{"line":8,"column":16},"end":{"line":8,"column":87}},"8":{"start":{"line":8,"column":24},"end":{"line":8,"column":87}},"9":{"start":{"line":8,"column":40},"end":{"line":8,"column":66}},"10":{"start":{"line":9,"column":19},"end":{"line":9,"column":88}},"11":{"start":{"line":9,"column":29},"end":{"line":9,"column":88}},"12":{"start":{"line":9,"column":45},"end":{"line":9,"column":72}},"13":{"start":{"line":10,"column":19},"end":{"line":10,"column":102}},"14":{"start":{"line":10,"column":33},"end":{"line":10,"column":102}},"15":{"start":{"line":10,"column":49},"end":{"line":10,"column":81}},"16":{"start":{"line":11,"column":18},"end":{"line":11,"column":105}},"17":{"start":{"line":11,"column":32},"end":{"line":11,"column":105}},"18":{"start":{"line":11,"column":48},"end":{"line":11,"column":82}},"19":{"start":{"line":12,"column":19},"end":{"line":12,"column":96}},"20":{"start":{"line":12,"column":27},"end":{"line":12,"column":96}},"21":{"start":{"line":12,"column":43},"end":{"line":12,"column":72}},"22":{"start":{"line":14,"column":0},"end":{"line":21,"column":2}}},"fnMap":{"0":{"name":"(anonymous_0)","decl":{"start":{"line":7,"column":17},"end":{"line":7,"column":18}},"loc":{"start":{"line":7,"column":23},"end":{"line":7,"column":74}},"line":7},"1":{"name":"(anonymous_1)","decl":{"start":{"line":7,"column":33},"end":{"line":7,"column":34}},"loc":{"start":{"line":7,"column":39},"end":{"line":7,"column":59}},"line":7},"2":{"name":"(anonymous_2)","decl":{"start":{"line":8,"column":16},"end":{"line":8,"column":17}},"loc":{"start":{"line":8,"column":24},"end":{"line":8,"column":87}},"line":8},"3":{"name":"(anonymous_3)","decl":{"start":{"line":8,"column":34},"end":{"line":8,"column":35}},"loc":{"start":{"line":8,"column":40},"end":{"line":8,"column":66}},"line":8},"4":{"name":"(anonymous_4)","decl":{"start":{"line":9,"column":19},"end":{"line":9,"column":20}},"loc":{"start":{"line":9,"column":29},"end":{"line":9,"column":88}},"line":9},"5":{"name":"(anonymous_5)","decl":{"start":{"line":9,"column":39},"end":{"line":9,"column":40}},"loc":{"start":{"line":9,"column":45},"end":{"line":9,"column":72}},"line":9},"6":{"name":"(anonymous_6)","decl":{"start":{"line":10,"column":19},"end":{"line":10,"column":20}},"loc":{"start":{"line":10,"column":33},"end":{"line":10,"column":102}},"line":10},"7":{"name":"(anonymous_7)","decl":{"start":{"line":10,"column":43},"end":{"line":10,"column":44}},"loc":{"start":{"line":10,"column":49},"end":{"line":10,"column":81}},"line":10},"8":{"name":"(anonymous_8)","decl":{"start":{"line":11,"column":18},"end":{"line":11,"column":19}},"loc":{"start":{"line":11,"column":32},"end":{"line":11,"column":105}},"line":11},"9":{"name":"(anonymous_9)","decl":{"start":{"line":11,"column":42},"end":{"line":11,"column":43}},"loc":{"start":{"line":11,"column":48},"end":{"line":11,"column":82}},"line":11},"10":{"name":"(anonymous_10)","decl":{"start":{"line":12,"column":19},"end":{"line":12,"column":20}},"loc":{"start":{"line":12,"column":27},"end":{"line":12,"column":96}},"line":12},"11":{"name":"(anonymous_11)","decl":{"start":{"line":12,"column":37},"end":{"line":12,"column":38}},"loc":{"start":{"line":12,"column":43},"end":{"line":12,"column":72}},"line":12}},"branchMap":{},"s":{"0":1,"1":1,"2":1,"3":1,"4":1,"5":1,"6":1,"7":1,"8":5,"9":11,"10":1,"11":4,"12":4,"13":1,"14":1,"15":1,"16":1,"17":1,"18":1,"19":1,"20":4,"21":4,"22":1},"f":{"0":1,"1":1,"2":5,"3":11,"4":4,"5":4,"6":1,"7":1,"8":1,"9":1,"10":4,"11":4},"b":{},"_coverageSchema":"1a1c01bbd47fc00a2c39e90264f33305004495a9","hash":"4e3b257bd51a41f185169f430a449c7ebf0f1035"}
,"C:\\Users\\91994\\OneDrive\\Documents\\automation-api\\src\\common\\testHelpers.js": {"path":"C:\\Users\\91994\\OneDrive\\Documents\\automation-api\\src\\common\\testHelpers.js","statementMap":{"0":{"start":{"line":1,"column":27},"end":{"line":1,"column":62}},"1":{"start":{"line":2,"column":39},"end":{"line":2,"column":66}},"2":{"start":{"line":5,"column":24},"end":{"line":9,"column":1}},"3":{"start":{"line":6,"column":2},"end":{"line":6,"column":49}},"4":{"start":{"line":7,"column":2},"end":{"line":7,"column":64}},"5":{"start":{"line":8,"column":2},"end":{"line":8,"column":50}},"6":{"start":{"line":12,"column":29},"end":{"line":14,"column":1}},"7":{"start":{"line":13,"column":2},"end":{"line":13,"column":45}},"8":{"start":{"line":17,"column":20},"end":{"line":48,"column":1}},"9":{"start":{"line":18,"column":16},"end":{"line":18,"column":26}},"10":{"start":{"line":19,"column":2},"end":{"line":47,"column":3}},"11":{"start":{"line":20,"column":16},"end":{"line":20,"column":36}},"12":{"start":{"line":21,"column":4},"end":{"line":21,"column":38}},"13":{"start":{"line":23,"column":4},"end":{"line":23,"column":33}},"14":{"start":{"line":24,"column":4},"end":{"line":24,"column":30}},"15":{"start":{"line":26,"column":4},"end":{"line":32,"column":5}},"16":{"start":{"line":27,"column":6},"end":{"line":31,"column":7}},"17":{"start":{"line":28,"column":8},"end":{"line":28,"column":63}},"18":{"start":{"line":28,"column":33},"end":{"line":28,"column":61}},"19":{"start":{"line":30,"column":8},"end":{"line":30,"column":41}},"20":{"start":{"line":34,"column":4},"end":{"line":34,"column":15}},"21":{"start":{"line":36,"column":4},"end":{"line":45,"column":5}},"22":{"start":{"line":37,"column":6},"end":{"line":44,"column":7}},"23":{"start":{"line":38,"column":8},"end":{"line":41,"column":10}},"24":{"start":{"line":43,"column":8},"end":{"line":43,"column":51}},"25":{"start":{"line":46,"column":4},"end":{"line":46,"column":16}},"26":{"start":{"line":50,"column":0},"end":{"line":50,"column":72}}},"fnMap":{"0":{"name":"(anonymous_0)","decl":{"start":{"line":5,"column":24},"end":{"line":5,"column":25}},"loc":{"start":{"line":5,"column":37},"end":{"line":9,"column":1}},"line":5},"1":{"name":"(anonymous_1)","decl":{"start":{"line":12,"column":29},"end":{"line":12,"column":30}},"loc":{"start":{"line":12,"column":65},"end":{"line":14,"column":1}},"line":12},"2":{"name":"(anonymous_2)","decl":{"start":{"line":17,"column":20},"end":{"line":17,"column":21}},"loc":{"start":{"line":17,"column":54},"end":{"line":48,"column":1}},"line":17},"3":{"name":"(anonymous_3)","decl":{"start":{"line":28,"column":25},"end":{"line":28,"column":26}},"loc":{"start":{"line":28,"column":33},"end":{"line":28,"column":61}},"line":28}},"branchMap":{"0":{"loc":{"start":{"line":12,"column":35},"end":{"line":12,"column":60}},"type":"default-arg","locations":[{"start":{"line":12,"column":45},"end":{"line":12,"column":60}}],"line":12},"1":{"loc":{"start":{"line":26,"column":4},"end":{"line":32,"column":5}},"type":"if","locations":[{"start":{"line":26,"column":4},"end":{"line":32,"column":5}},{"start":{},"end":{}}],"line":26},"2":{"loc":{"start":{"line":26,"column":8},"end":{"line":26,"column":99}},"type":"binary-expr","locations":[{"start":{"line":26,"column":8},"end":{"line":26,"column":14}},{"start":{"line":26,"column":18},"end":{"line":26,"column":26}},{"start":{"line":26,"column":30},"end":{"line":26,"column":99}}],"line":26},"3":{"loc":{"start":{"line":26,"column":32},"end":{"line":26,"column":98}},"type":"binary-expr","locations":[{"start":{"line":26,"column":32},"end":{"line":26,"column":60}},{"start":{"line":26,"column":64},"end":{"line":26,"column":98}}],"line":26},"4":{"loc":{"start":{"line":27,"column":6},"end":{"line":31,"column":7}},"type":"if","locations":[{"start":{"line":27,"column":6},"end":{"line":31,"column":7}},{"start":{"line":29,"column":13},"end":{"line":31,"column":7}}],"line":27},"5":{"loc":{"start":{"line":36,"column":4},"end":{"line":45,"column":5}},"type":"if","locations":[{"start":{"line":36,"column":4},"end":{"line":45,"column":5}},{"start":{},"end":{}}],"line":36},"6":{"loc":{"start":{"line":37,"column":6},"end":{"line":44,"column":7}},"type":"if","locations":[{"start":{"line":37,"column":6},"end":{"line":44,"column":7}},{"start":{"line":42,"column":13},"end":{"line":44,"column":7}}],"line":37}},"s":{"0":2,"1":2,"2":2,"3":28,"4":28,"5":28,"6":2,"7":28,"8":2,"9":32,"10":32,"11":32,"12":28,"13":28,"14":28,"15":28,"16":18,"17":2,"18":110,"19":16,"20":28,"21":4,"22":4,"23":4,"24":0,"25":4,"26":2},"f":{"0":28,"1":28,"2":32,"3":110},"b":{"0":[28],"1":[18,10],"2":[28,18,18],"3":[18,18],"4":[2,16],"5":[4,0],"6":[4,0]},"_coverageSchema":"1a1c01bbd47fc00a2c39e90264f33305004495a9","hash":"526bbc91ea1b328f4cadf1a04a49cd36bd0e6322"}
,"C:\\Users\\91994\\OneDrive\\Documents\\automation-api\\src\\config\\config.js": {"path":"C:\\Users\\91994\\OneDrive\\Documents\\automation-api\\src\\config\\config.js","statementMap":{"0":{"start":{"line":1,"column":0},"end":{"line":7,"column":2}}},"fnMap":{},"branchMap":{},"s":{"0":2},"f":{},"b":{},"_coverageSchema":"1a1c01bbd47fc00a2c39e90264f33305004495a9","hash":"4f6ad32093c7604001ba2c7b1d7f8e962dd87139"}
,"C:\\Users\\91994\\OneDrive\\Documents\\automation-api\\src\\utils\\logger.js": {"path":"C:\\Users\\91994\\OneDrive\\Documents\\automation-api\\src\\utils\\logger.js","statementMap":{"0":{"start":{"line":1,"column":0},"end":{"line":5,"column":2}},"1":{"start":{"line":2,"column":24},"end":{"line":2,"column":60}},"2":{"start":{"line":3,"column":24},"end":{"line":3,"column":61}},"3":{"start":{"line":4,"column":25},"end":{"line":4,"column":64}}},"fnMap":{"0":{"name":"(anonymous_0)","decl":{"start":{"line":2,"column":8},"end":{"line":2,"column":9}},"loc":{"start":{"line":2,"column":24},"end":{"line":2,"column":60}},"line":2},"1":{"name":"(anonymous_1)","decl":{"start":{"line":3,"column":8},"end":{"line":3,"column":9}},"loc":{"start":{"line":3,"column":24},"end":{"line":3,"column":61}},"line":3},"2":{"name":"(anonymous_2)","decl":{"start":{"line":4,"column":9},"end":{"line":4,"column":10}},"loc":{"start":{"line":4,"column":25},"end":{"line":4,"column":64}},"line":4}},"branchMap":{},"s":{"0":2,"1":2,"2":16,"3":4},"f":{"0":2,"1":16,"2":4},"b":{},"_coverageSchema":"1a1c01bbd47fc00a2c39e90264f33305004495a9","hash":"a10c26f7f5ef5a42c60406deb8ae2c08b290bdf3"}
,"C:\\Users\\91994\\OneDrive\\Documents\\automation-api\\src\\utils\\retry.js": {"path":"C:\\Users\\91994\\OneDrive\\Documents\\automation-api\\src\\utils\\retry.js","statementMap":{"0":{"start":{"line":1,"column":30},"end":{"line":1,"column":49}},"1":{"start":{"line":2,"column":49},"end":{"line":2,"column":76}},"2":{"start":{"line":5,"column":16},"end":{"line":5,"column":17}},"3":{"start":{"line":6,"column":2},"end":{"line":21,"column":3}},"4":{"start":{"line":7,"column":4},"end":{"line":20,"column":5}},"5":{"start":{"line":8,"column":21},"end":{"line":8,"column":31}},"6":{"start":{"line":9,"column":6},"end":{"line":9,"column":83}},"7":{"start":{"line":9,"column":36},"end":{"line":9,"column":83}},"8":{"start":{"line":10,"column":6},"end":{"line":10,"column":20}},"9":{"start":{"line":12,"column":6},"end":{"line":12,"column":16}},"10":{"start":{"line":13,"column":6},"end":{"line":19,"column":7}},"11":{"start":{"line":14,"column":8},"end":{"line":14,"column":90}},"12":{"start":{"line":14,"column":23},"end":{"line":14,"column":90}},"13":{"start":{"line":15,"column":8},"end":{"line":15,"column":18}},"14":{"start":{"line":17,"column":8},"end":{"line":17,"column":89}},"15":{"start":{"line":17,"column":23},"end":{"line":17,"column":89}},"16":{"start":{"line":18,"column":8},"end":{"line":18,"column":64}},"17":{"start":{"line":18,"column":35},"end":{"line":18,"column":62}},"18":{"start":{"line":25,"column":16},"end":{"line":25,"column":17}},"19":{"start":{"line":26,"column":2},"end":{"line":32,"column":4}},"20":{"start":{"line":27,"column":4},"end":{"line":27,"column":14}},"21":{"start":{"line":28,"column":4},"end":{"line":30,"column":5}},"22":{"start":{"line":29,"column":6},"end":{"line":29,"column":43}},"23":{"start":{"line":31,"column":4},"end":{"line":31,"column":33}},"24":{"start":{"line":35,"column":0},"end":{"line":35,"column":52}}},"fnMap":{"0":{"name":"withRetry","decl":{"start":{"line":4,"column":15},"end":{"line":4,"column":24}},"loc":{"start":{"line":4,"column":36},"end":{"line":22,"column":1}},"line":4},"1":{"name":"(anonymous_1)","decl":{"start":{"line":18,"column":26},"end":{"line":18,"column":27}},"loc":{"start":{"line":18,"column":35},"end":{"line":18,"column":62}},"line":18},"2":{"name":"createFlakyFunction","decl":{"start":{"line":24,"column":9},"end":{"line":24,"column":28}},"loc":{"start":{"line":24,"column":89},"end":{"line":33,"column":1}},"line":24},"3":{"name":"(anonymous_3)","decl":{"start":{"line":26,"column":9},"end":{"line":26,"column":10}},"loc":{"start":{"line":26,"column":21},"end":{"line":32,"column":3}},"line":26}},"branchMap":{"0":{"loc":{"start":{"line":9,"column":6},"end":{"line":9,"column":83}},"type":"if","locations":[{"start":{"line":9,"column":6},"end":{"line":9,"column":83}},{"start":{},"end":{}}],"line":9},"1":{"loc":{"start":{"line":9,"column":10},"end":{"line":9,"column":34}},"type":"binary-expr","locations":[{"start":{"line":9,"column":10},"end":{"line":9,"column":21}},{"start":{"line":9,"column":25},"end":{"line":9,"column":34}}],"line":9},"2":{"loc":{"start":{"line":13,"column":6},"end":{"line":19,"column":7}},"type":"if","locations":[{"start":{"line":13,"column":6},"end":{"line":19,"column":7}},{"start":{"line":16,"column":13},"end":{"line":19,"column":7}}],"line":13},"3":{"loc":{"start":{"line":14,"column":8},"end":{"line":14,"column":90}},"type":"if","locations":[{"start":{"line":14,"column":8},"end":{"line":14,"column":90}},{"start":{},"end":{}}],"line":14},"4":{"loc":{"start":{"line":17,"column":8},"end":{"line":17,"column":89}},"type":"if","locations":[{"start":{"line":17,"column":8},"end":{"line":17,"column":89}},{"start":{},"end":{}}],"line":17},"5":{"loc":{"start":{"line":24,"column":29},"end":{"line":24,"column":54}},"type":"default-arg","locations":[{"start":{"line":24,"column":53},"end":{"line":24,"column":54}}],"line":24},"6":{"loc":{"start":{"line":24,"column":56},"end":{"line":24,"column":87}},"type":"default-arg","locations":[{"start":{"line":24,"column":70},"end":{"line":24,"column":87}}],"line":24},"7":{"loc":{"start":{"line":28,"column":4},"end":{"line":30,"column":5}},"type":"if","locations":[{"start":{"line":28,"column":4},"end":{"line":30,"column":5}},{"start":{},"end":{}}],"line":28}},"s":{"0":2,"1":2,"2":34,"3":34,"4":50,"5":50,"6":30,"7":2,"8":30,"9":20,"10":20,"11":4,"12":4,"13":4,"14":16,"15":16,"16":16,"17":16,"18":2,"19":2,"20":6,"21":6,"22":4,"23":2,"24":2},"f":{"0":34,"1":16,"2":2,"3":6},"b":{"0":[2,28],"1":[30,2],"2":[4,16],"3":[4,0],"4":[16,0],"5":[0],"6":[0],"7":[4,2]},"_coverageSchema":"1a1c01bbd47fc00a2c39e90264f33305004495a9","hash":"d7dd50493f10d5b21d4ed33e6038749988c0de0d"}
,"C:\\Users\\91994\\OneDrive\\Documents\\automation-api\\src\\utils\\schemaValidator.js": {"path":"C:\\Users\\91994\\OneDrive\\Documents\\automation-api\\src\\utils\\schemaValidator.js","statementMap":{"0":{"start":{"line":1,"column":12},"end":{"line":1,"column":26}},"1":{"start":{"line":2,"column":19},"end":{"line":2,"column":41}},"2":{"start":{"line":4,"column":12},"end":{"line":4,"column":40}},"3":{"start":{"line":5,"column":0},"end":{"line":5,"column":16}},"4":{"start":{"line":8,"column":19},"end":{"line":46,"column":1}},"5":{"start":{"line":49,"column":19},"end":{"line":58,"column":1}},"6":{"start":{"line":62,"column":19},"end":{"line":62,"column":38}},"7":{"start":{"line":63,"column":16},"end":{"line":63,"column":30}},"8":{"start":{"line":64,"column":2},"end":{"line":67,"column":3}},"9":{"start":{"line":65,"column":21},"end":{"line":65,"column":92}},"10":{"start":{"line":65,"column":48},"end":{"line":65,"column":80}},"11":{"start":{"line":66,"column":4},"end":{"line":66,"column":61}},"12":{"start":{"line":70,"column":0},"end":{"line":70,"column":60}}},"fnMap":{"0":{"name":"validateSchema","decl":{"start":{"line":61,"column":9},"end":{"line":61,"column":23}},"loc":{"start":{"line":61,"column":38},"end":{"line":68,"column":1}},"line":61},"1":{"name":"(anonymous_1)","decl":{"start":{"line":65,"column":41},"end":{"line":65,"column":42}},"loc":{"start":{"line":65,"column":48},"end":{"line":65,"column":80}},"line":65}},"branchMap":{"0":{"loc":{"start":{"line":64,"column":2},"end":{"line":67,"column":3}},"type":"if","locations":[{"start":{"line":64,"column":2},"end":{"line":67,"column":3}},{"start":{},"end":{}}],"line":64}},"s":{"0":2,"1":2,"2":2,"3":2,"4":2,"5":2,"6":126,"7":126,"8":126,"9":0,"10":0,"11":0,"12":2},"f":{"0":126,"1":0},"b":{"0":[0,126]},"_coverageSchema":"1a1c01bbd47fc00a2c39e90264f33305004495a9","hash":"8281f25a925a4310ebbd53225f7eb064bead7ef4"}
}
