TN:
SF:src\clients\postClients.js
FN:7,(anonymous_0)
FN:7,(anonymous_1)
FN:8,(anonymous_2)
FN:8,(anonymous_3)
FN:9,(anonymous_4)
FN:9,(anonymous_5)
FN:10,(anonymous_6)
FN:10,(anonymous_7)
FN:11,(anonymous_8)
FN:11,(anonymous_9)
FN:12,(anonymous_10)
FN:12,(anonymous_11)
FNF:12
FNH:12
FNDA:1,(anonymous_0)
FNDA:1,(anonymous_1)
FNDA:5,(anonymous_2)
FNDA:11,(anonymous_3)
FNDA:4,(anonymous_4)
FNDA:4,(anonymous_5)
FNDA:1,(anonymous_6)
FNDA:1,(anonymous_7)
FNDA:1,(anonymous_8)
FNDA:1,(anonymous_9)
FNDA:4,(anonymous_10)
FNDA:4,(anonymous_11)
DA:1,1
DA:2,1
DA:3,1
DA:5,1
DA:7,1
DA:8,11
DA:9,4
DA:10,1
DA:11,1
DA:12,4
DA:14,1
LF:11
LH:11
BRF:0
BRH:0
end_of_record
TN:
SF:src\clients\userClients.js
FN:7,(anonymous_0)
FN:7,(anonymous_1)
FN:8,(anonymous_2)
FN:8,(anonymous_3)
FN:9,(anonymous_4)
FN:9,(anonymous_5)
FN:10,(anonymous_6)
FN:10,(anonymous_7)
FN:11,(anonymous_8)
FN:11,(anonymous_9)
FN:12,(anonymous_10)
FN:12,(anonymous_11)
FNF:12
FNH:12
FNDA:1,(anonymous_0)
FNDA:1,(anonymous_1)
FNDA:5,(anonymous_2)
FNDA:11,(anonymous_3)
FNDA:4,(anonymous_4)
FNDA:4,(anonymous_5)
FNDA:1,(anonymous_6)
FNDA:1,(anonymous_7)
FNDA:1,(anonymous_8)
FNDA:1,(anonymous_9)
FNDA:4,(anonymous_10)
FNDA:4,(anonymous_11)
DA:1,1
DA:2,1
DA:3,1
DA:5,1
DA:7,1
DA:8,11
DA:9,4
DA:10,1
DA:11,1
DA:12,4
DA:14,1
LF:11
LH:11
BRF:0
BRH:0
end_of_record
TN:
SF:src\common\testHelpers.js
FN:5,(anonymous_0)
FN:12,(anonymous_1)
FN:17,(anonymous_2)
FN:28,(anonymous_3)
FNF:4
FNH:4
FNDA:28,(anonymous_0)
FNDA:28,(anonymous_1)
FNDA:32,(anonymous_2)
FNDA:110,(anonymous_3)
DA:1,2
DA:2,2
DA:5,2
DA:6,28
DA:7,28
DA:8,28
DA:12,2
DA:13,28
DA:17,2
DA:18,32
DA:19,32
DA:20,32
DA:21,28
DA:23,28
DA:24,28
DA:26,28
DA:27,18
DA:28,110
DA:30,16
DA:34,28
DA:36,4
DA:37,4
DA:38,4
DA:43,0
DA:46,4
DA:50,2
LF:26
LH:25
BRDA:12,0,0,28
BRDA:26,1,0,18
BRDA:26,1,1,10
BRDA:26,2,0,28
BRDA:26,2,1,18
BRDA:26,2,2,18
BRDA:26,3,0,18
BRDA:26,3,1,18
BRDA:27,4,0,2
BRDA:27,4,1,16
BRDA:36,5,0,4
BRDA:36,5,1,0
BRDA:37,6,0,4
BRDA:37,6,1,0
BRF:14
BRH:12
end_of_record
TN:
SF:src\config\config.js
FNF:0
FNH:0
DA:1,2
LF:1
LH:1
BRF:0
BRH:0
end_of_record
TN:
SF:src\utils\logger.js
FN:2,(anonymous_0)
FN:3,(anonymous_1)
FN:4,(anonymous_2)
FNF:3
FNH:3
FNDA:2,(anonymous_0)
FNDA:16,(anonymous_1)
FNDA:4,(anonymous_2)
DA:1,2
DA:2,2
DA:3,16
DA:4,4
LF:4
LH:4
BRF:0
BRH:0
end_of_record
TN:
SF:src\utils\retry.js
FN:4,withRetry
FN:18,(anonymous_1)
FN:24,createFlakyFunction
FN:26,(anonymous_3)
FNF:4
FNH:4
FNDA:34,withRetry
FNDA:16,(anonymous_1)
FNDA:2,createFlakyFunction
FNDA:6,(anonymous_3)
DA:1,2
DA:2,2
DA:5,34
DA:6,34
DA:7,50
DA:8,50
DA:9,30
DA:10,30
DA:12,20
DA:13,20
DA:14,4
DA:15,4
DA:17,16
DA:18,16
DA:25,2
DA:26,2
DA:27,6
DA:28,6
DA:29,4
DA:31,2
DA:35,2
LF:21
LH:21
BRDA:9,0,0,2
BRDA:9,0,1,28
BRDA:9,1,0,30
BRDA:9,1,1,2
BRDA:13,2,0,4
BRDA:13,2,1,16
BRDA:14,3,0,4
BRDA:14,3,1,0
BRDA:17,4,0,16
BRDA:17,4,1,0
BRDA:24,5,0,0
BRDA:24,6,0,0
BRDA:28,7,0,4
BRDA:28,7,1,2
BRF:14
BRH:10
end_of_record
TN:
SF:src\utils\schemaValidator.js
FN:61,validateSchema
FN:65,(anonymous_1)
FNF:2
FNH:1
FNDA:126,validateSchema
FNDA:0,(anonymous_1)
DA:1,2
DA:2,2
DA:4,2
DA:5,2
DA:8,2
DA:49,2
DA:62,126
DA:63,126
DA:64,126
DA:65,0
DA:66,0
DA:70,2
LF:12
LH:10
BRDA:64,0,0,0
BRDA:64,0,1,126
BRF:2
BRH:1
end_of_record
